Arguments: 
  /usr/local/Cellar/node/7.8.0/bin/node /usr/local/bin/yarn

PATH: 
  /Library/Frameworks/Python.framework/Versions/3.6/bin:/usr/local/bin:/usr/bin:/bin:/usr/sbin:/sbin:/usr/local/go/bin:/Library/Frameworks/Python.framework/Versions/3.6/bin

Yarn version: 
  0.27.5

Node version: 
  7.8.0

Platform: 
  darwin x64

npm manifest: 
  {
    "name": "Kap",
    "main": "dist/main/index.js",
    "private": true,
    "version": "1.0.1",
    "description": "The best way to record your screen",
    "repository": "wulkano/kap",
    "author": "Wulkano AS <team@wulka.no> (https://wulka.no/)",
    "license": "MIT",
    "bugs": {
      "url": "https://github.com/wulkano/kap/issues"
    },
    "homepage": "https://getkap.co",
    "dependencies": {
      "ajv": "^5.2.2",
      "aperture": "2.1.1",
      "aspectratio": "^2.2.2",
      "delay": "^2.0.0",
      "eightpoint": "0.0.1",
      "electron-is-dev": "^0.3.0",
      "electron-settings": "^2.2.1",
      "electron-store": "^1.1.0",
      "electron-unhandled": "^0.2.0",
      "execa": "^0.8.0",
      "file-size": "^1.0.0",
      "first-run": "^1.2.0",
      "got": "^7.0.0",
      "insight": "^0.8.3",
      "jquery": "^3.2.1",
      "lodash": "^4.17.4",
      "make-dir": "^1.0.0",
      "menubar": "github:matheuss/menubar",
      "moment": "^2.14.1",
      "ms": "^2.0.0",
      "object-path": "^0.11.3",
      "raven": "^2.1.2",
      "tempy": "^0.1.0",
      "tmp": "0.0.33"
    },
    "xo": false
  }

yarn manifest: 
  No manifest

Lockfile: 
  No lockfile

Trace: 
  Error: https://raw.githubusercontent.com/matheuss/menubar/2c7ed7959e21af4f8b866516a1a89e0cb0deb471/package.json: ETIMEDOUT
      at Timeout._onTimeout (/usr/local/lib/node_modules/yarn/node_modules/request/request.js:852:19)
      at ontimeout (timers.js:386:14)
      at tryOnTimeout (timers.js:250:5)
      at Timer.listOnTimeout (timers.js:214:5)
